0 info it worked if it ends with ok
1 verbose cli [ '/usr/bin/node',
1 verbose cli   '/usr/bin/npm',
1 verbose cli   'install',
1 verbose cli   '-g',
1 verbose cli   'node-inspector' ]
2 info using npm@1.4.28
3 info using node@v0.10.33
4 verbose node symlink /usr/bin/node
5 verbose cache add [ 'node-inspector', null ]
6 verbose cache add name=undefined spec="node-inspector" args=["node-inspector",null]
7 verbose parsed url { protocol: null,
7 verbose parsed url   slashes: null,
7 verbose parsed url   auth: null,
7 verbose parsed url   host: null,
7 verbose parsed url   port: null,
7 verbose parsed url   hostname: null,
7 verbose parsed url   hash: null,
7 verbose parsed url   search: null,
7 verbose parsed url   query: null,
7 verbose parsed url   pathname: 'node-inspector',
7 verbose parsed url   path: 'node-inspector',
7 verbose parsed url   href: 'node-inspector' }
8 silly lockFile 4198ef9e-node-inspector node-inspector
9 verbose lock node-inspector /home/kylin/.npm/4198ef9e-node-inspector.lock
10 silly lockFile 4198ef9e-node-inspector node-inspector
11 silly lockFile 4198ef9e-node-inspector node-inspector
12 verbose addNamed [ 'node-inspector', '' ]
13 verbose addNamed [ null, '*' ]
14 silly lockFile e68b88da-node-inspector node-inspector@
15 verbose lock node-inspector@ /home/kylin/.npm/e68b88da-node-inspector.lock
16 silly addNameRange { name: 'node-inspector', range: '*', hasData: false }
17 verbose request where is /node-inspector
18 verbose request registry https://registry.npmjs.org/
19 verbose request id a0d8a4245d0ee2c7
20 verbose url raw /node-inspector
21 verbose url resolving [ 'https://registry.npmjs.org/', './node-inspector' ]
22 verbose url resolved https://registry.npmjs.org/node-inspector
23 verbose request where is https://registry.npmjs.org/node-inspector
24 info trying registry request attempt 1 at 23:12:42
25 http GET https://registry.npmjs.org/node-inspector
26 http 200 https://registry.npmjs.org/node-inspector
27 silly registry.get cb [ 200,
27 silly registry.get   { date: 'Thu, 19 Mar 2015 15:12:43 GMT',
27 silly registry.get     server: 'CouchDB/1.5.0 (Erlang OTP/R16B03)',
27 silly registry.get     etag: '"66F6JYSL1SL5CGR04H76O0P2D"',
27 silly registry.get     'content-type': 'application/json',
27 silly registry.get     'cache-control': 'max-age=60',
27 silly registry.get     'content-length': '98112',
27 silly registry.get     'accept-ranges': 'bytes',
27 silly registry.get     via: '1.1 varnish',
27 silly registry.get     age: '0',
27 silly registry.get     'x-served-by': 'cache-nrt6130-NRT',
27 silly registry.get     'x-cache': 'HIT',
27 silly registry.get     'x-cache-hits': '1',
27 silly registry.get     'x-timer': 'S1426777963.673503,VS0,VE177',
27 silly registry.get     vary: 'Accept',
27 silly registry.get     'keep-alive': 'timeout=10, max=50',
27 silly registry.get     connection: 'Keep-Alive' } ]
28 silly addNameRange number 2 { name: 'node-inspector', range: '*', hasData: true }
29 silly addNameRange versions [ 'node-inspector',
29 silly addNameRange   [ '0.0.1',
29 silly addNameRange     '0.0.2',
29 silly addNameRange     '0.0.3',
29 silly addNameRange     '0.0.4',
29 silly addNameRange     '0.1.0',
29 silly addNameRange     '0.1.1',
29 silly addNameRange     '0.1.2',
29 silly addNameRange     '0.1.3',
29 silly addNameRange     '0.1.4',
29 silly addNameRange     '0.1.5',
29 silly addNameRange     '0.1.6',
29 silly addNameRange     '0.1.7',
29 silly addNameRange     '0.1.8',
29 silly addNameRange     '0.1.9',
29 silly addNameRange     '0.1.10',
29 silly addNameRange     '0.3.0',
29 silly addNameRange     '0.3.1',
29 silly addNameRange     '0.3.2',
29 silly addNameRange     '0.3.3',
29 silly addNameRange     '0.3.4',
29 silly addNameRange     '0.4.0',
29 silly addNameRange     '0.5.0',
29 silly addNameRange     '0.6.0',
29 silly addNameRange     '0.6.1',
29 silly addNameRange     '0.6.2',
29 silly addNameRange     '0.7.0-1',
29 silly addNameRange     '0.2.0-beta1',
29 silly addNameRange     '0.2.0-beta2',
29 silly addNameRange     '0.2.0-beta3',
29 silly addNameRange     '0.2.0-beta4',
29 silly addNameRange     '0.3.0-preview1',
29 silly addNameRange     '0.7.0-2',
29 silly addNameRange     '0.7.0',
29 silly addNameRange     '0.7.1',
29 silly addNameRange     '0.7.2',
29 silly addNameRange     '0.7.3',
29 silly addNameRange     '0.7.4',
29 silly addNameRange     '0.8.0',
29 silly addNameRange     '0.8.1',
29 silly addNameRange     '0.8.3',
29 silly addNameRange     '0.9.0',
29 silly addNameRange     '0.9.1',
29 silly addNameRange     '0.9.2' ] ]
30 verbose addNamed [ 'node-inspector', '0.9.2' ]
31 verbose addNamed [ '0.9.2', '0.9.2' ]
32 silly lockFile af3dbc72-node-inspector-0-9-2 node-inspector@0.9.2
33 verbose lock node-inspector@0.9.2 /home/kylin/.npm/af3dbc72-node-inspector-0-9-2.lock
34 silly lockFile 6c754b5c-spector-node-inspector-0-9-2-tgz https://registry.npmjs.org/node-inspector/-/node-inspector-0.9.2.tgz
35 verbose lock https://registry.npmjs.org/node-inspector/-/node-inspector-0.9.2.tgz /home/kylin/.npm/6c754b5c-spector-node-inspector-0-9-2-tgz.lock
36 verbose addRemoteTarball [ 'https://registry.npmjs.org/node-inspector/-/node-inspector-0.9.2.tgz',
36 verbose addRemoteTarball   'f25e2be0dbd672f7f09b50af01ef81da3157ae7c' ]
37 info retry fetch attempt 1 at 23:12:44
38 verbose fetch to= /tmp/npm-5708-98efHmsH/registry.npmjs.org/node-inspector/-/node-inspector-0.9.2.tgz
39 http GET https://registry.npmjs.org/node-inspector/-/node-inspector-0.9.2.tgz
40 http 200 https://registry.npmjs.org/node-inspector/-/node-inspector-0.9.2.tgz
41 silly lockFile 6c754b5c-spector-node-inspector-0-9-2-tgz https://registry.npmjs.org/node-inspector/-/node-inspector-0.9.2.tgz
42 silly lockFile 6c754b5c-spector-node-inspector-0-9-2-tgz https://registry.npmjs.org/node-inspector/-/node-inspector-0.9.2.tgz
43 silly lockFile af3dbc72-node-inspector-0-9-2 node-inspector@0.9.2
44 silly lockFile af3dbc72-node-inspector-0-9-2 node-inspector@0.9.2
45 silly lockFile e68b88da-node-inspector node-inspector@
46 silly lockFile e68b88da-node-inspector node-inspector@
47 silly resolved [ { name: 'node-inspector',
47 silly resolved     version: '0.9.2',
47 silly resolved     description: 'Web Inspector based nodeJS debugger',
47 silly resolved     homepage: 'http://github.com/node-inspector/node-inspector',
47 silly resolved     author: { name: 'Danny Coates', email: 'dannycoates@gmail.com' },
47 silly resolved     keywords: [ 'debug', 'debugger', 'inspector', 'profiler' ],
47 silly resolved     repository:
47 silly resolved      { type: 'git',
47 silly resolved        url: 'http://github.com/node-inspector/node-inspector.git' },
47 silly resolved     engines: { node: '>=0.8.0' },
47 silly resolved     bin:
47 silly resolved      { 'node-inspector': './bin/inspector.js',
47 silly resolved        'node-debug': './bin/node-debug.js' },
47 silly resolved     dependencies:
47 silly resolved      { express: '^4.8.0',
47 silly resolved        'serve-favicon': '^2.1.1',
47 silly resolved        async: '~0.9',
47 silly resolved        glob: '^4.3.5',
47 silly resolved        rc: '~0.5.0',
47 silly resolved        'strong-data-uri': '~0.1.0',
47 silly resolved        debug: '^1.0',
47 silly resolved        ws: '~0.4.31',
47 silly resolved        'biased-opener': '~0.2.2',
47 silly resolved        yargs: '^1.2.1',
47 silly resolved        which: '^1.0.5',
47 silly resolved        'v8-debug': '~0.4.2',
47 silly resolved        'v8-profiler': '~5.2.4',
47 silly resolved        semver: '^3.0.1' },
47 silly resolved     devDependencies:
47 silly resolved      { mocha: '^1.21',
47 silly resolved        chai: '^1.9',
47 silly resolved        jshint: '^2.4.4',
47 silly resolved        'fs-extra': '~0.8.1' },
47 silly resolved     preferGlobal: true,
47 silly resolved     scripts: { pretest: 'jshint .', test: 'mocha' },
47 silly resolved     contributors:
47 silly resolved      [ [Object],
47 silly resolved        [Object],
47 silly resolved        [Object],
47 silly resolved        [Object],
47 silly resolved        [Object],
47 silly resolved        [Object],
47 silly resolved        [Object],
47 silly resolved        [Object],
47 silly resolved        [Object],
47 silly resolved        [Object],
47 silly resolved        [Object],
47 silly resolved        [Object],
47 silly resolved        [Object],
47 silly resolved        [Object],
47 silly resolved        [Object],
47 silly resolved        [Object],
47 silly resolved        [Object],
47 silly resolved        [Object],
47 silly resolved        [Object],
47 silly resolved        [Object],
47 silly resolved        [Object],
47 silly resolved        [Object],
47 silly resolved        [Object],
47 silly resolved        [Object],
47 silly resolved        [Object],
47 silly resolved        [Object],
47 silly resolved        [Object],
47 silly resolved        [Object],
47 silly resolved        [Object],
47 silly resolved        [Object],
47 silly resolved        [Object] ],
47 silly resolved     gitHead: '29edd94ad8a93b794e8710e30f0f20b7ba2e752f',
47 silly resolved     bugs: { url: 'https://github.com/node-inspector/node-inspector/issues' },
47 silly resolved     _id: 'node-inspector@0.9.2',
47 silly resolved     _shasum: 'f25e2be0dbd672f7f09b50af01ef81da3157ae7c',
47 silly resolved     _from: 'node-inspector@',
47 silly resolved     _npmVersion: '2.7.0',
47 silly resolved     _nodeVersion: '1.5.1',
47 silly resolved     _npmUser: { name: 'bajtos', email: 'miro.bajtos@gmail.com' },
47 silly resolved     maintainers: [ [Object], [Object], [Object], [Object], [Object] ],
47 silly resolved     dist:
47 silly resolved      { shasum: 'f25e2be0dbd672f7f09b50af01ef81da3157ae7c',
47 silly resolved        tarball: 'http://registry.npmjs.org/node-inspector/-/node-inspector-0.9.2.tgz' },
47 silly resolved     directories: {},
47 silly resolved     _resolved: 'https://registry.npmjs.org/node-inspector/-/node-inspector-0.9.2.tgz' } ]
48 info install node-inspector@0.9.2 into /usr/lib
49 info installOne node-inspector@0.9.2
50 verbose lib/node_modules/node-inspector unbuild
51 verbose tar unpack /home/kylin/.npm/node-inspector/0.9.2/package.tgz
52 silly lockFile 41e58605--lib-node-modules-node-inspector tar:///usr/lib/node_modules/node-inspector
53 verbose lock tar:///usr/lib/node_modules/node-inspector /home/kylin/.npm/41e58605--lib-node-modules-node-inspector.lock
54 silly lockFile 797ed7e7-node-inspector-0-9-2-package-tgz tar:///home/kylin/.npm/node-inspector/0.9.2/package.tgz
55 verbose lock tar:///home/kylin/.npm/node-inspector/0.9.2/package.tgz /home/kylin/.npm/797ed7e7-node-inspector-0-9-2-package-tgz.lock
56 silly gunzTarPerm modes [ '775', '664' ]
57 error Error: EACCES, mkdir '/usr/lib/node_modules/node-inspector'
57 error  { [Error: EACCES, mkdir '/usr/lib/node_modules/node-inspector']
57 error   errno: 3,
57 error   code: 'EACCES',
57 error   path: '/usr/lib/node_modules/node-inspector',
57 error   fstream_type: 'Directory',
57 error   fstream_path: '/usr/lib/node_modules/node-inspector',
57 error   fstream_class: 'DirWriter',
57 error   fstream_stack:
57 error    [ '/usr/lib/node_modules/npm/node_modules/fstream/lib/dir-writer.js:36:23',
57 error      '/usr/lib/node_modules/npm/node_modules/mkdirp/index.js:46:53',
57 error      'Object.oncomplete (fs.js:107:15)' ] }
58 error Please try running this command again as root/Administrator.
59 error System Linux 3.13.0-36-generic
60 error command "/usr/bin/node" "/usr/bin/npm" "install" "-g" "node-inspector"
61 error cwd /home/kylin/Documents/mycode/NodeJs/Regex
62 error node -v v0.10.33
63 error npm -v 1.4.28
64 error path /usr/lib/node_modules/node-inspector
65 error fstream_path /usr/lib/node_modules/node-inspector
66 error fstream_type Directory
67 error fstream_class DirWriter
68 error code EACCES
69 error errno 3
70 error stack Error: EACCES, mkdir '/usr/lib/node_modules/node-inspector'
71 error fstream_stack /usr/lib/node_modules/npm/node_modules/fstream/lib/dir-writer.js:36:23
71 error fstream_stack /usr/lib/node_modules/npm/node_modules/mkdirp/index.js:46:53
71 error fstream_stack Object.oncomplete (fs.js:107:15)
72 verbose exit [ 3, true ]
